{"level":"info","message":"Telegram platform initialized successfully","service":"platform-service","timestamp":"2025-08-21T21:06:44.405Z"}
{"level":"info","message":"Gmail platform initialized successfully","service":"platform-service","timestamp":"2025-08-21T21:06:44.407Z"}
{"level":"info","message":"WhatsApp platform initialized successfully","service":"platform-service","timestamp":"2025-08-21T21:06:44.407Z"}
{"level":"info","message":"Instagram platform initialized successfully","service":"platform-service","timestamp":"2025-08-21T21:06:44.407Z"}
{"level":"info","message":"Twitter platform initialized successfully","service":"platform-service","timestamp":"2025-08-21T21:06:44.407Z"}
{"level":"info","message":"Telegram platform initialized successfully","service":"platform-service","timestamp":"2025-08-21T21:08:23.285Z"}
{"level":"info","message":"Gmail platform initialized successfully","service":"platform-service","timestamp":"2025-08-21T21:08:23.288Z"}
{"level":"info","message":"WhatsApp platform initialized successfully","service":"platform-service","timestamp":"2025-08-21T21:08:23.288Z"}
{"level":"info","message":"Instagram platform initialized successfully","service":"platform-service","timestamp":"2025-08-21T21:08:23.288Z"}
{"level":"info","message":"Twitter platform initialized successfully","service":"platform-service","timestamp":"2025-08-21T21:08:23.288Z"}
{"level":"info","message":"Telegram platform initialized successfully","service":"platform-service","timestamp":"2025-08-21T21:08:27.329Z"}
{"level":"info","message":"Gmail platform initialized successfully","service":"platform-service","timestamp":"2025-08-21T21:08:27.331Z"}
{"level":"info","message":"WhatsApp platform initialized successfully","service":"platform-service","timestamp":"2025-08-21T21:08:27.332Z"}
{"level":"info","message":"Instagram platform initialized successfully","service":"platform-service","timestamp":"2025-08-21T21:08:27.332Z"}
{"level":"info","message":"Twitter platform initialized successfully","service":"platform-service","timestamp":"2025-08-21T21:08:27.332Z"}
{"level":"info","message":"Telegram platform initialized successfully","service":"platform-service","timestamp":"2025-08-21T21:09:18.765Z"}
{"level":"info","message":"Gmail platform initialized successfully","service":"platform-service","timestamp":"2025-08-21T21:09:18.767Z"}
{"level":"info","message":"WhatsApp platform initialized successfully","service":"platform-service","timestamp":"2025-08-21T21:09:18.767Z"}
{"level":"info","message":"Instagram platform initialized successfully","service":"platform-service","timestamp":"2025-08-21T21:09:18.768Z"}
{"level":"info","message":"Twitter platform initialized successfully","service":"platform-service","timestamp":"2025-08-21T21:09:18.768Z"}
{"level":"info","message":"Telegram platform initialized successfully","service":"platform-service","timestamp":"2025-08-21T21:10:20.623Z"}
{"level":"info","message":"Gmail platform initialized successfully","service":"platform-service","timestamp":"2025-08-21T21:10:20.625Z"}
{"level":"info","message":"WhatsApp platform initialized successfully","service":"platform-service","timestamp":"2025-08-21T21:10:20.625Z"}
{"level":"info","message":"Instagram platform initialized successfully","service":"platform-service","timestamp":"2025-08-21T21:10:20.625Z"}
{"level":"info","message":"Twitter platform initialized successfully","service":"platform-service","timestamp":"2025-08-21T21:10:20.626Z"}
{"level":"info","message":"Telegram platform initialized successfully","service":"platform-service","timestamp":"2025-08-21T21:24:39.777Z"}
{"level":"info","message":"Gmail platform initialized successfully","service":"platform-service","timestamp":"2025-08-21T21:24:39.780Z"}
{"level":"info","message":"WhatsApp platform initialized successfully","service":"platform-service","timestamp":"2025-08-21T21:24:39.780Z"}
{"level":"info","message":"Instagram platform initialized successfully","service":"platform-service","timestamp":"2025-08-21T21:24:39.780Z"}
{"level":"info","message":"Twitter platform initialized successfully","service":"platform-service","timestamp":"2025-08-21T21:24:39.780Z"}
{"level":"info","message":"Telegram platform initialized successfully","service":"platform-service","timestamp":"2025-08-21T21:24:55.853Z"}
{"level":"info","message":"Gmail platform initialized successfully","service":"platform-service","timestamp":"2025-08-21T21:24:55.856Z"}
{"level":"info","message":"WhatsApp platform initialized successfully","service":"platform-service","timestamp":"2025-08-21T21:24:55.856Z"}
{"level":"info","message":"Instagram platform initialized successfully","service":"platform-service","timestamp":"2025-08-21T21:24:55.856Z"}
{"level":"info","message":"Twitter platform initialized successfully","service":"platform-service","timestamp":"2025-08-21T21:24:55.856Z"}
{"level":"info","message":"Telegram platform initialized successfully","service":"platform-service","timestamp":"2025-08-21T21:25:07.028Z"}
{"level":"info","message":"Gmail platform initialized successfully","service":"platform-service","timestamp":"2025-08-21T21:25:07.031Z"}
{"level":"info","message":"WhatsApp platform initialized successfully","service":"platform-service","timestamp":"2025-08-21T21:25:07.031Z"}
{"level":"info","message":"Instagram platform initialized successfully","service":"platform-service","timestamp":"2025-08-21T21:25:07.031Z"}
{"level":"info","message":"Twitter platform initialized successfully","service":"platform-service","timestamp":"2025-08-21T21:25:07.031Z"}
{"level":"info","message":"Telegram platform initialized successfully","service":"platform-service","timestamp":"2025-08-21T21:27:55.718Z"}
{"level":"info","message":"Gmail platform initialized successfully","service":"platform-service","timestamp":"2025-08-21T21:27:55.721Z"}
{"level":"info","message":"WhatsApp platform initialized successfully","service":"platform-service","timestamp":"2025-08-21T21:27:55.721Z"}
{"level":"info","message":"Instagram platform initialized successfully","service":"platform-service","timestamp":"2025-08-21T21:27:55.721Z"}
{"level":"info","message":"Twitter platform initialized successfully","service":"platform-service","timestamp":"2025-08-21T21:27:55.721Z"}
{"level":"info","message":"Telegram platform initialized successfully","service":"platform-service","timestamp":"2025-08-21T21:27:59.256Z"}
{"level":"info","message":"Gmail platform initialized successfully","service":"platform-service","timestamp":"2025-08-21T21:27:59.259Z"}
{"level":"info","message":"WhatsApp platform initialized successfully","service":"platform-service","timestamp":"2025-08-21T21:27:59.259Z"}
{"level":"info","message":"Instagram platform initialized successfully","service":"platform-service","timestamp":"2025-08-21T21:27:59.259Z"}
{"level":"info","message":"Twitter platform initialized successfully","service":"platform-service","timestamp":"2025-08-21T21:27:59.259Z"}
{"level":"info","message":"Telegram platform initialized successfully","service":"platform-service","timestamp":"2025-08-21T21:28:11.153Z"}
{"level":"info","message":"Gmail platform initialized successfully","service":"platform-service","timestamp":"2025-08-21T21:28:11.155Z"}
{"level":"info","message":"WhatsApp platform initialized successfully","service":"platform-service","timestamp":"2025-08-21T21:28:11.155Z"}
{"level":"info","message":"Instagram platform initialized successfully","service":"platform-service","timestamp":"2025-08-21T21:28:11.155Z"}
{"level":"info","message":"Twitter platform initialized successfully","service":"platform-service","timestamp":"2025-08-21T21:28:11.156Z"}
{"level":"info","message":"Telegram platform initialized successfully","service":"platform-service","timestamp":"2025-08-21T21:28:24.628Z"}
{"level":"info","message":"Gmail platform initialized successfully","service":"platform-service","timestamp":"2025-08-21T21:28:24.631Z"}
{"level":"info","message":"WhatsApp platform initialized successfully","service":"platform-service","timestamp":"2025-08-21T21:28:24.631Z"}
{"level":"info","message":"Instagram platform initialized successfully","service":"platform-service","timestamp":"2025-08-21T21:28:24.631Z"}
{"level":"info","message":"Twitter platform initialized successfully","service":"platform-service","timestamp":"2025-08-21T21:28:24.631Z"}
{"level":"info","message":"Telegram platform initialized successfully","service":"platform-service","timestamp":"2025-08-21T21:28:40.862Z"}
{"level":"info","message":"Gmail platform initialized successfully","service":"platform-service","timestamp":"2025-08-21T21:28:40.864Z"}
{"level":"info","message":"WhatsApp platform initialized successfully","service":"platform-service","timestamp":"2025-08-21T21:28:40.864Z"}
{"level":"info","message":"Instagram platform initialized successfully","service":"platform-service","timestamp":"2025-08-21T21:28:40.865Z"}
{"level":"info","message":"Twitter platform initialized successfully","service":"platform-service","timestamp":"2025-08-21T21:28:40.865Z"}
{"level":"info","message":"Telegram platform initialized successfully","service":"platform-service","timestamp":"2025-08-21T21:28:43.914Z"}
{"level":"info","message":"Gmail platform initialized successfully","service":"platform-service","timestamp":"2025-08-21T21:28:43.916Z"}
{"level":"info","message":"WhatsApp platform initialized successfully","service":"platform-service","timestamp":"2025-08-21T21:28:43.916Z"}
{"level":"info","message":"Instagram platform initialized successfully","service":"platform-service","timestamp":"2025-08-21T21:28:43.917Z"}
{"level":"info","message":"Twitter platform initialized successfully","service":"platform-service","timestamp":"2025-08-21T21:28:43.917Z"}
{"level":"info","message":"Telegram platform initialized successfully","service":"platform-service","timestamp":"2025-08-21T21:28:53.512Z"}
{"level":"info","message":"Gmail platform initialized successfully","service":"platform-service","timestamp":"2025-08-21T21:28:53.515Z"}
{"level":"info","message":"WhatsApp platform initialized successfully","service":"platform-service","timestamp":"2025-08-21T21:28:53.515Z"}
{"level":"info","message":"Instagram platform initialized successfully","service":"platform-service","timestamp":"2025-08-21T21:28:53.515Z"}
{"level":"info","message":"Twitter platform initialized successfully","service":"platform-service","timestamp":"2025-08-21T21:28:53.515Z"}
{"level":"info","message":"Telegram platform initialized successfully","service":"platform-service","timestamp":"2025-08-21T21:29:05.517Z"}
{"level":"info","message":"Gmail platform initialized successfully","service":"platform-service","timestamp":"2025-08-21T21:29:05.520Z"}
{"level":"info","message":"WhatsApp platform initialized successfully","service":"platform-service","timestamp":"2025-08-21T21:29:05.520Z"}
{"level":"info","message":"Instagram platform initialized successfully","service":"platform-service","timestamp":"2025-08-21T21:29:05.520Z"}
{"level":"info","message":"Twitter platform initialized successfully","service":"platform-service","timestamp":"2025-08-21T21:29:05.520Z"}
{"level":"info","message":"Telegram platform initialized successfully","service":"platform-service","timestamp":"2025-08-21T21:29:49.342Z"}
{"level":"info","message":"Gmail platform initialized successfully","service":"platform-service","timestamp":"2025-08-21T21:29:49.344Z"}
{"level":"info","message":"WhatsApp platform initialized successfully","service":"platform-service","timestamp":"2025-08-21T21:29:49.344Z"}
{"level":"info","message":"Instagram platform initialized successfully","service":"platform-service","timestamp":"2025-08-21T21:29:49.344Z"}
{"level":"info","message":"Twitter platform initialized successfully","service":"platform-service","timestamp":"2025-08-21T21:29:49.345Z"}
{"level":"info","message":"Telegram platform initialized successfully","service":"platform-service","timestamp":"2025-08-21T21:29:52.954Z"}
{"level":"info","message":"Gmail platform initialized successfully","service":"platform-service","timestamp":"2025-08-21T21:29:52.957Z"}
{"level":"info","message":"WhatsApp platform initialized successfully","service":"platform-service","timestamp":"2025-08-21T21:29:52.957Z"}
{"level":"info","message":"Instagram platform initialized successfully","service":"platform-service","timestamp":"2025-08-21T21:29:52.957Z"}
{"level":"info","message":"Twitter platform initialized successfully","service":"platform-service","timestamp":"2025-08-21T21:29:52.958Z"}
{"level":"info","message":"Telegram platform initialized successfully","service":"platform-service","timestamp":"2025-08-21T21:30:01.972Z"}
{"level":"info","message":"Gmail platform initialized successfully","service":"platform-service","timestamp":"2025-08-21T21:30:01.975Z"}
{"level":"info","message":"WhatsApp platform initialized successfully","service":"platform-service","timestamp":"2025-08-21T21:30:01.976Z"}
{"level":"info","message":"Instagram platform initialized successfully","service":"platform-service","timestamp":"2025-08-21T21:30:01.976Z"}
{"level":"info","message":"Twitter platform initialized successfully","service":"platform-service","timestamp":"2025-08-21T21:30:01.976Z"}
{"level":"info","message":"Telegram platform initialized successfully","service":"platform-service","timestamp":"2025-08-21T21:30:26.808Z"}
{"level":"info","message":"Gmail platform initialized successfully","service":"platform-service","timestamp":"2025-08-21T21:30:26.810Z"}
{"level":"info","message":"WhatsApp platform initialized successfully","service":"platform-service","timestamp":"2025-08-21T21:30:26.810Z"}
{"level":"info","message":"Instagram platform initialized successfully","service":"platform-service","timestamp":"2025-08-21T21:30:26.810Z"}
{"level":"info","message":"Twitter platform initialized successfully","service":"platform-service","timestamp":"2025-08-21T21:30:26.811Z"}
{"level":"info","message":"Telegram platform initialized successfully","service":"platform-service","timestamp":"2025-08-21T21:36:55.045Z"}
{"level":"info","message":"Gmail platform initialized successfully","service":"platform-service","timestamp":"2025-08-21T21:36:55.047Z"}
{"level":"info","message":"WhatsApp platform initialized successfully","service":"platform-service","timestamp":"2025-08-21T21:36:55.048Z"}
{"level":"info","message":"Instagram platform initialized successfully","service":"platform-service","timestamp":"2025-08-21T21:36:55.048Z"}
{"level":"info","message":"Twitter platform initialized successfully","service":"platform-service","timestamp":"2025-08-21T21:36:55.048Z"}
{"level":"info","message":"Telegram platform initialized successfully","service":"platform-service","timestamp":"2025-08-21T21:50:04.912Z"}
{"level":"info","message":"Gmail platform initialized successfully","service":"platform-service","timestamp":"2025-08-21T21:50:04.914Z"}
{"level":"info","message":"WhatsApp platform initialized successfully","service":"platform-service","timestamp":"2025-08-21T21:50:04.914Z"}
{"level":"info","message":"Instagram platform initialized successfully","service":"platform-service","timestamp":"2025-08-21T21:50:04.915Z"}
{"level":"info","message":"Twitter platform initialized successfully","service":"platform-service","timestamp":"2025-08-21T21:50:04.915Z"}
